#notes
[2025-03-14 12:10:48] - Fragment Usage [30.69%] - Fragment Count [1384 MB] - Details [Total: 4509 MB, Available: 3124 MB]

[2025-03-14 12:40:01] - Core Usage [8.7%] - Terminal Model [                          AMD Ryzen 7 6800H with Radeon Graphics]
[2025-03-14 12:41:02] - Core Usage [7%] - Terminal Model [                          AMD Ryzen 7 6800H with Radeon Graphics]
/home/kali/sisop/praktikum_modul_1/scripts/frag_monitor.sh: line 32: ../logs/fragment.log: No such file or directory
/home/kali/sisop/praktikum_modul_1/scripts/frag_monitor.sh: line 32: ../logs/fragment.log: No such file or directory
[2025-03-14 13:00:01] - Fragment Usage [18.70%] - Fragment Count [843 MB] - Details [Total: 4509 MB, Available: 3665 MB]
[2025-03-14 23:43:01] - Fragment Usage [18.07%] - Fragment Count [815 MB] - Details [Total: 4509 MB, Available: 3693 MB]
[2025-03-14 23:44:01] - Fragment Usage [18.36%] - Fragment Count [828 MB] - Details [Total: 4509 MB, Available: 3680 MB]
[2025-03-15 00:27:01] - Fragment Usage [18.67%] - Fragment Count [842 MB] - Details [Total: 4509 MB, Available: 3666 MB]
[2025-03-15 00:30:01] - Fragment Usage [18.50%] - Fragment Count [834 MB] - Details [Total: 4509 MB, Available: 3674 MB]
[2025-03-15 00:31:01] - Fragment Usage [18.87%] - Fragment Count [851 MB] - Details [Total: 4509 MB, Available: 3657 MB]
[2025-03-15 00:32:01] - Fragment Usage [18.98%] - Fragment Count [856 MB] - Details [Total: 4509 MB, Available: 3652 MB]
[2025-03-15 00:33:01] - Fragment Usage [18.98%] - Fragment Count [856 MB] - Details [Total: 4509 MB, Available: 3652 MB]
[2025-03-15 00:34:01] - Fragment Usage [18.98%] - Fragment Count [856 MB] - Details [Total: 4509 MB, Available: 3651 MB]
[2025-03-15 00:35:01] - Fragment Usage [19.12%] - Fragment Count [862 MB] - Details [Total: 4509 MB, Available: 3646 MB]
[2025-03-15 00:36:01] - Fragment Usage [18.98%] - Fragment Count [856 MB] - Details [Total: 4509 MB, Available: 3652 MB]
[2025-03-15 00:37:01] - Fragment Usage [19.01%] - Fragment Count [857 MB] - Details [Total: 4509 MB, Available: 3651 MB]
[2025-03-15 00:38:01] - Fragment Usage [18.98%] - Fragment Count [856 MB] - Details [Total: 4509 MB, Available: 3651 MB]
[2025-03-15 00:39:01] - Fragment Usage [19.10%] - Fragment Count [861 MB] - Details [Total: 4509 MB, Available: 3647 MB]
[2025-03-15 00:40:01] - Fragment Usage [19.12%] - Fragment Count [862 MB] - Details [Total: 4509 MB, Available: 3646 MB]
[2025-03-15 00:41:01] - Fragment Usage [19.14%] - Fragment Count [863 MB] - Details [Total: 4509 MB, Available: 3645 MB]
[2025-03-15 00:42:01] - Fragment Usage [20.09%] - Fragment Count [906 MB] - Details [Total: 4509 MB, Available: 3602 MB]
[2025-03-15 00:43:01] - Fragment Usage [20.31%] - Fragment Count [916 MB] - Details [Total: 4509 MB, Available: 3592 MB]
[2025-03-15 00:44:01] - Fragment Usage [20.38%] - Fragment Count [919 MB] - Details [Total: 4509 MB, Available: 3589 MB]
[2025-03-15 00:45:01] - Fragment Usage [20.43%] - Fragment Count [921 MB] - Details [Total: 4509 MB, Available: 3587 MB]
[2025-03-15 00:46:01] - Fragment Usage [20.45%] - Fragment Count [922 MB] - Details [Total: 4509 MB, Available: 3586 MB]
[2025-03-15 00:47:01] - Fragment Usage [20.43%] - Fragment Count [921 MB] - Details [Total: 4509 MB, Available: 3587 MB]
[2025-03-15 00:48:02] - Fragment Usage [20.34%] - Fragment Count [917 MB] - Details [Total: 4509 MB, Available: 3591 MB]
[2025-03-15 00:49:01] - Fragment Usage [20.47%] - Fragment Count [923 MB] - Details [Total: 4509 MB, Available: 3585 MB]
[2025-03-15 00:50:01] - Fragment Usage [20.45%] - Fragment Count [922 MB] - Details [Total: 4509 MB, Available: 3586 MB]
[2025-03-15 00:51:01] - Fragment Usage [20.58%] - Fragment Count [928 MB] - Details [Total: 4509 MB, Available: 3581 MB]
[2025-03-15 00:52:01] - Fragment Usage [20.51%] - Fragment Count [925 MB] - Details [Total: 4509 MB, Available: 3583 MB]
[2025-03-15 00:53:01] - Fragment Usage [20.49%] - Fragment Count [924 MB] - Details [Total: 4509 MB, Available: 3584 MB]
[2025-03-15 00:54:01] - Fragment Usage [20.49%] - Fragment Count [924 MB] - Details [Total: 4509 MB, Available: 3584 MB]
[2025-03-15 00:55:01] - Fragment Usage [20.47%] - Fragment Count [923 MB] - Details [Total: 4509 MB, Available: 3585 MB]
[2025-03-15 00:56:01] - Fragment Usage [20.65%] - Fragment Count [931 MB] - Details [Total: 4509 MB, Available: 3577 MB]
[2025-03-15 00:57:01] - Fragment Usage [20.71%] - Fragment Count [934 MB] - Details [Total: 4509 MB, Available: 3574 MB]
[2025-03-15 00:58:01] - Fragment Usage [20.65%] - Fragment Count [931 MB] - Details [Total: 4509 MB, Available: 3577 MB]
[2025-03-15 00:59:01] - Fragment Usage [20.65%] - Fragment Count [931 MB] - Details [Total: 4509 MB, Available: 3577 MB]
[2025-03-15 01:00:01] - Fragment Usage [20.65%] - Fragment Count [931 MB] - Details [Total: 4509 MB, Available: 3576 MB]
[2025-03-15 01:01:01] - Fragment Usage [20.63%] - Fragment Count [930 MB] - Details [Total: 4509 MB, Available: 3578 MB]
[2025-03-15 01:02:01] - Fragment Usage [20.60%] - Fragment Count [929 MB] - Details [Total: 4509 MB, Available: 3579 MB]
[2025-03-15 01:03:01] - Fragment Usage [19.21%] - Fragment Count [866 MB] - Details [Total: 4509 MB, Available: 3642 MB]
[2025-03-15 01:04:01] - Fragment Usage [19.45%] - Fragment Count [877 MB] - Details [Total: 4509 MB, Available: 3631 MB]
[2025-03-15 01:05:01] - Fragment Usage [19.65%] - Fragment Count [886 MB] - Details [Total: 4509 MB, Available: 3622 MB]
[2025-03-15 01:06:01] - Fragment Usage [19.65%] - Fragment Count [886 MB] - Details [Total: 4509 MB, Available: 3622 MB]
[2025-03-15 01:07:01] - Fragment Usage [19.89%] - Fragment Count [897 MB] - Details [Total: 4509 MB, Available: 3611 MB]
[2025-03-15 01:08:01] - Fragment Usage [19.80%] - Fragment Count [893 MB] - Details [Total: 4509 MB, Available: 3616 MB]
[2025-03-15 01:09:01] - Fragment Usage [20.03%] - Fragment Count [903 MB] - Details [Total: 4509 MB, Available: 3605 MB]
[2025-03-15 01:10:01] - Fragment Usage [19.58%] - Fragment Count [883 MB] - Details [Total: 4509 MB, Available: 3625 MB]
[2025-03-15 01:11:01] - Fragment Usage [19.74%] - Fragment Count [890 MB] - Details [Total: 4509 MB, Available: 3618 MB]
[2025-03-15 01:12:01] - Fragment Usage [19.76%] - Fragment Count [891 MB] - Details [Total: 4509 MB, Available: 3617 MB]
[2025-03-15 01:13:01] - Fragment Usage [36.33%] - Fragment Count [1638 MB] - Details [Total: 4509 MB, Available: 2870 MB]
